{"C:\\Users\\user\\Documents\\Experiments And Training Lab\\Microverse-Projects\\To-Do-List-App\\src\\modules\\localStorage.js": {"path":"C:\\Users\\user\\Documents\\Experiments And Training Lab\\Microverse-Projects\\To-Do-List-App\\src\\modules\\localStorage.js","statementMap":{"0":{"start":{"line":5,"column":4},"end":{"line":10,"column":5}},"1":{"start":{"line":6,"column":6},"end":{"line":6,"column":16}},"2":{"start":{"line":9,"column":6},"end":{"line":9,"column":55}},"3":{"start":{"line":11,"column":4},"end":{"line":11,"column":17}},"4":{"start":{"line":15,"column":17},"end":{"line":15,"column":55}},"5":{"start":{"line":16,"column":4},"end":{"line":16,"column":21}},"6":{"start":{"line":17,"column":4},"end":{"line":17,"column":54}},"7":{"start":{"line":18,"column":4},"end":{"line":18,"column":55}},"8":{"start":{"line":22,"column":18},"end":{"line":22,"column":56}},"9":{"start":{"line":23,"column":19},"end":{"line":23,"column":68}},"10":{"start":{"line":23,"column":42},"end":{"line":23,"column":67}},"11":{"start":{"line":25,"column":4},"end":{"line":27,"column":5}},"12":{"start":{"line":25,"column":20},"end":{"line":25,"column":21}},"13":{"start":{"line":26,"column":6},"end":{"line":26,"column":34}},"14":{"start":{"line":29,"column":4},"end":{"line":29,"column":57}}},"fnMap":{"0":{"name":"(anonymous_0)","decl":{"start":{"line":3,"column":2},"end":{"line":3,"column":3}},"loc":{"start":{"line":3,"column":30},"end":{"line":12,"column":3}},"line":3},"1":{"name":"(anonymous_1)","decl":{"start":{"line":14,"column":2},"end":{"line":14,"column":3}},"loc":{"start":{"line":14,"column":38},"end":{"line":19,"column":3}},"line":14},"2":{"name":"(anonymous_2)","decl":{"start":{"line":21,"column":2},"end":{"line":21,"column":3}},"loc":{"start":{"line":21,"column":42},"end":{"line":30,"column":3}},"line":21},"3":{"name":"(anonymous_3)","decl":{"start":{"line":23,"column":32},"end":{"line":23,"column":33}},"loc":{"start":{"line":23,"column":42},"end":{"line":23,"column":67}},"line":23}},"branchMap":{"0":{"loc":{"start":{"line":5,"column":4},"end":{"line":10,"column":5}},"type":"if","locations":[{"start":{"line":5,"column":4},"end":{"line":10,"column":5}},{"start":{"line":8,"column":8},"end":{"line":10,"column":5}}],"line":5}},"s":{"0":4,"1":1,"2":3,"3":4,"4":1,"5":1,"6":1,"7":1,"8":1,"9":1,"10":1,"11":1,"12":1,"13":0,"14":1},"f":{"0":4,"1":1,"2":1,"3":1},"b":{"0":[1,3]},"_coverageSchema":"1a1c01bbd47fc00a2c39e90264f33305004495a9","hash":"e040c2bf340f2c1468cd3138f37726fe2fad32c0"}
,"C:\\Users\\user\\Documents\\Experiments And Training Lab\\Microverse-Projects\\To-Do-List-App\\src\\modules\\tasksObject.js": {"path":"C:\\Users\\user\\Documents\\Experiments And Training Lab\\Microverse-Projects\\To-Do-List-App\\src\\modules\\tasksObject.js","statementMap":{"0":{"start":{"line":3,"column":4},"end":{"line":3,"column":35}},"1":{"start":{"line":4,"column":4},"end":{"line":4,"column":31}},"2":{"start":{"line":5,"column":4},"end":{"line":5,"column":23}}},"fnMap":{"0":{"name":"(anonymous_0)","decl":{"start":{"line":2,"column":2},"end":{"line":2,"column":3}},"loc":{"start":{"line":2,"column":45},"end":{"line":6,"column":3}},"line":2}},"branchMap":{},"s":{"0":1,"1":1,"2":1},"f":{"0":1},"b":{},"_coverageSchema":"1a1c01bbd47fc00a2c39e90264f33305004495a9","hash":"cec02c71e03727dc0edaaba7b9a8345508fd1d65"}
}
