TN:
SF:src\modules\localStorage.js
FN:3,(anonymous_0)
FN:14,(anonymous_1)
FN:21,(anonymous_2)
FN:23,(anonymous_3)
FN:32,(anonymous_4)
FN:40,(anonymous_5)
FNF:6
FNH:6
FNDA:10,(anonymous_0)
FNDA:3,(anonymous_1)
FNDA:1,(anonymous_2)
FNDA:1,(anonymous_3)
FNDA:1,(anonymous_4)
FNDA:1,(anonymous_5)
DA:5,10
DA:6,2
DA:9,8
DA:11,10
DA:15,3
DA:16,3
DA:17,3
DA:18,3
DA:22,1
DA:23,1
DA:25,1
DA:26,0
DA:29,1
DA:33,1
DA:34,1
DA:35,1
DA:37,1
DA:41,1
DA:42,1
DA:43,1
DA:45,1
LF:21
LH:20
BRDA:5,0,0,2
BRDA:5,0,1,8
BRDA:34,1,0,1
BRDA:34,1,1,0
BRDA:42,2,0,1
BRDA:42,2,1,0
BRF:6
BRH:4
end_of_record
TN:
SF:src\modules\tasksObject.js
FN:2,(anonymous_0)
FNF:1
FNH:1
FNDA:3,(anonymous_0)
DA:3,3
DA:4,3
DA:5,3
LF:3
LH:3
BRF:0
BRH:0
end_of_record
